19-Dec-2025 15:43:33.144 INFO [main] org.apache.catalina.startup.VersionLoggerListener.log Server version name:   Apache Tomcat/11.0.14
19-Dec-2025 15:43:33.150 INFO [main] org.apache.catalina.startup.VersionLoggerListener.log Server built:          Nov 5 2025 19:03:02 UTC
19-Dec-2025 15:43:33.150 INFO [main] org.apache.catalina.startup.VersionLoggerListener.log Server version number: 11.0.14.0
19-Dec-2025 15:43:33.151 INFO [main] org.apache.catalina.startup.VersionLoggerListener.log OS Name:               Linux
19-Dec-2025 15:43:33.151 INFO [main] org.apache.catalina.startup.VersionLoggerListener.log OS Version:            6.6.87.2-microsoft-standard-WSL2
19-Dec-2025 15:43:33.151 INFO [main] org.apache.catalina.startup.VersionLoggerListener.log Architecture:          amd64
19-Dec-2025 15:43:33.151 INFO [main] org.apache.catalina.startup.VersionLoggerListener.log Java Home:             /opt/java/openjdk
19-Dec-2025 15:43:33.152 INFO [main] org.apache.catalina.startup.VersionLoggerListener.log JVM Version:           25.0.1+8-LTS
19-Dec-2025 15:43:33.152 INFO [main] org.apache.catalina.startup.VersionLoggerListener.log JVM Vendor:            Eclipse Adoptium
19-Dec-2025 15:43:33.152 INFO [main] org.apache.catalina.startup.VersionLoggerListener.log CATALINA_BASE:         /usr/local/tomcat
19-Dec-2025 15:43:33.153 INFO [main] org.apache.catalina.startup.VersionLoggerListener.log CATALINA_HOME:         /usr/local/tomcat
19-Dec-2025 15:43:33.204 INFO [main] org.apache.catalina.startup.VersionLoggerListener.log Command line argument: -Djava.util.logging.config.file=/usr/local/tomcat/conf/logging.properties
19-Dec-2025 15:43:33.209 INFO [main] org.apache.catalina.startup.VersionLoggerListener.log Command line argument: -Djava.util.logging.manager=org.apache.juli.ClassLoaderLogManager
19-Dec-2025 15:43:33.209 INFO [main] org.apache.catalina.startup.VersionLoggerListener.log Command line argument: -Djdk.tls.ephemeralDHKeySize=2048
19-Dec-2025 15:43:33.209 INFO [main] org.apache.catalina.startup.VersionLoggerListener.log Command line argument: -Dorg.apache.catalina.security.SecurityListener.UMASK=0027
19-Dec-2025 15:43:33.209 INFO [main] org.apache.catalina.startup.VersionLoggerListener.log Command line argument: --add-opens=java.base/java.lang=ALL-UNNAMED
19-Dec-2025 15:43:33.209 INFO [main] org.apache.catalina.startup.VersionLoggerListener.log Command line argument: --add-opens=java.base/java.lang.reflect=ALL-UNNAMED
19-Dec-2025 15:43:33.210 INFO [main] org.apache.catalina.startup.VersionLoggerListener.log Command line argument: --add-opens=java.base/java.io=ALL-UNNAMED
19-Dec-2025 15:43:33.210 INFO [main] org.apache.catalina.startup.VersionLoggerListener.log Command line argument: --add-opens=java.base/java.util=ALL-UNNAMED
19-Dec-2025 15:43:33.210 INFO [main] org.apache.catalina.startup.VersionLoggerListener.log Command line argument: --add-opens=java.base/java.util.concurrent=ALL-UNNAMED
19-Dec-2025 15:43:33.210 INFO [main] org.apache.catalina.startup.VersionLoggerListener.log Command line argument: --add-opens=java.rmi/sun.rmi.transport=ALL-UNNAMED
19-Dec-2025 15:43:33.210 INFO [main] org.apache.catalina.startup.VersionLoggerListener.log Command line argument: --enable-native-access=ALL-UNNAMED
19-Dec-2025 15:43:33.210 INFO [main] org.apache.catalina.startup.VersionLoggerListener.log Command line argument: -Dcatalina.base=/usr/local/tomcat
19-Dec-2025 15:43:33.211 INFO [main] org.apache.catalina.startup.VersionLoggerListener.log Command line argument: -Dcatalina.home=/usr/local/tomcat
19-Dec-2025 15:43:33.211 INFO [main] org.apache.catalina.startup.VersionLoggerListener.log Command line argument: -Djava.io.tmpdir=/usr/local/tomcat/temp
19-Dec-2025 15:43:33.236 INFO [main] org.apache.catalina.core.AprLifecycleListener.lifecycleEvent Loaded Apache Tomcat Native library [2.0.9] using APR version [1.7.2].
19-Dec-2025 15:43:33.259 INFO [main] org.apache.catalina.core.AprLifecycleListener.initializeSSL OpenSSL successfully initialized [OpenSSL 3.0.13 30 Jan 2024]
19-Dec-2025 15:43:33.932 INFO [main] org.apache.coyote.AbstractProtocol.init Initializing ProtocolHandler ["http-nio-8080"]
19-Dec-2025 15:43:33.987 INFO [main] org.apache.catalina.startup.Catalina.load Server initialization in [1440] milliseconds
19-Dec-2025 15:43:34.067 INFO [main] org.apache.catalina.core.StandardService.startInternal Starting service [Catalina]
19-Dec-2025 15:43:34.068 INFO [main] org.apache.catalina.core.StandardEngine.startInternal Starting Servlet engine: [Apache Tomcat/11.0.14]
19-Dec-2025 15:43:34.175 INFO [main] org.apache.catalina.startup.HostConfig.deployWAR Deploying web application archive [/usr/local/tomcat/webapps/Ubicua.war]
19-Dec-2025 15:43:34.258 INFO [main] org.apache.catalina.startup.ExpandWar.expand An expanded directory [/usr/local/tomcat/webapps/Ubicua] was found with a last modified time that did not match the associated WAR. It will be deleted.
19-Dec-2025 15:43:45.871 INFO [main] org.apache.jasper.servlet.TldScanner.scanJars At least one JAR was scanned for TLDs yet contained no TLDs. Enable debug logging for this logger for a complete list of JARs that were scanned but no TLDs were found in them. Skipping unneeded JARs during scanning can improve startup time and JSP compilation time.
19-Dec-2025 15:44:04.667 INFO [main] org.apache.catalina.startup.HostConfig.deployWAR Deployment of web application archive [/usr/local/tomcat/webapps/Ubicua.war] has finished in [30,490] ms
19-Dec-2025 15:44:04.678 INFO [main] org.apache.coyote.AbstractProtocol.start Starting ProtocolHandler ["http-nio-8080"]
19-Dec-2025 15:44:04.699 INFO [main] org.apache.catalina.startup.Catalina.start Server startup in [30712] milliseconds
19-Dec-2025 16:20:45.581 INFO [Thread-12] org.apache.coyote.AbstractProtocol.pause Pausing ProtocolHandler ["http-nio-8080"]
19-Dec-2025 16:20:45.594 INFO [Thread-12] org.apache.catalina.core.StandardService.stopInternal Stopping service [Catalina]
19-Dec-2025 16:20:45.761 WARNING [Thread-12] org.apache.catalina.loader.WebappClassLoaderBase.clearReferencesThreads The web application [Ubicua] appears to have started a thread named [MQTT Reconnect: WheatherStationUAH-subscriber] but has failed to stop it. This is very likely to create a memory leak. Stack trace of thread:
 java.base/java.lang.Object.wait0(Native Method)
 java.base/java.lang.Object.wait(Object.java:389)
 java.base/java.util.TimerThread.mainLoop(Timer.java:569)
 java.base/java.util.TimerThread.run(Timer.java:522)
19-Dec-2025 16:20:45.807 INFO [Thread-12] org.apache.coyote.AbstractProtocol.stop Stopping ProtocolHandler ["http-nio-8080"]
19-Dec-2025 16:20:45.828 INFO [Thread-12] org.apache.coyote.AbstractProtocol.destroy Destroying ProtocolHandler ["http-nio-8080"]
19-Dec-2025 16:21:08.206 INFO [main] org.apache.catalina.startup.VersionLoggerListener.log Server version name:   Apache Tomcat/11.0.15
19-Dec-2025 16:21:08.219 INFO [main] org.apache.catalina.startup.VersionLoggerListener.log Server built:          Dec 2 2025 16:32:48 UTC
19-Dec-2025 16:21:08.220 INFO [main] org.apache.catalina.startup.VersionLoggerListener.log Server version number: 11.0.15.0
19-Dec-2025 16:21:08.220 INFO [main] org.apache.catalina.startup.VersionLoggerListener.log OS Name:               Linux
19-Dec-2025 16:21:08.220 INFO [main] org.apache.catalina.startup.VersionLoggerListener.log OS Version:            6.6.87.2-microsoft-standard-WSL2
19-Dec-2025 16:21:08.220 INFO [main] org.apache.catalina.startup.VersionLoggerListener.log Architecture:          amd64
19-Dec-2025 16:21:08.221 INFO [main] org.apache.catalina.startup.VersionLoggerListener.log Java Home:             /opt/java/openjdk
19-Dec-2025 16:21:08.221 INFO [main] org.apache.catalina.startup.VersionLoggerListener.log JVM Version:           25.0.1+8-LTS
19-Dec-2025 16:21:08.221 INFO [main] org.apache.catalina.startup.VersionLoggerListener.log JVM Vendor:            Eclipse Adoptium
19-Dec-2025 16:21:08.221 INFO [main] org.apache.catalina.startup.VersionLoggerListener.log CATALINA_BASE:         /usr/local/tomcat
19-Dec-2025 16:21:08.221 INFO [main] org.apache.catalina.startup.VersionLoggerListener.log CATALINA_HOME:         /usr/local/tomcat
19-Dec-2025 16:21:08.285 INFO [main] org.apache.catalina.startup.VersionLoggerListener.log Command line argument: -Djava.util.logging.config.file=/usr/local/tomcat/conf/logging.properties
19-Dec-2025 16:21:08.286 INFO [main] org.apache.catalina.startup.VersionLoggerListener.log Command line argument: -Djava.util.logging.manager=org.apache.juli.ClassLoaderLogManager
19-Dec-2025 16:21:08.286 INFO [main] org.apache.catalina.startup.VersionLoggerListener.log Command line argument: -Djdk.tls.ephemeralDHKeySize=2048
19-Dec-2025 16:21:08.286 INFO [main] org.apache.catalina.startup.VersionLoggerListener.log Command line argument: -Dorg.apache.catalina.security.SecurityListener.UMASK=0027
19-Dec-2025 16:21:08.287 INFO [main] org.apache.catalina.startup.VersionLoggerListener.log Command line argument: --add-opens=java.base/java.lang=ALL-UNNAMED
19-Dec-2025 16:21:08.293 INFO [main] org.apache.catalina.startup.VersionLoggerListener.log Command line argument: --add-opens=java.base/java.lang.reflect=ALL-UNNAMED
19-Dec-2025 16:21:08.293 INFO [main] org.apache.catalina.startup.VersionLoggerListener.log Command line argument: --add-opens=java.base/java.io=ALL-UNNAMED
19-Dec-2025 16:21:08.293 INFO [main] org.apache.catalina.startup.VersionLoggerListener.log Command line argument: --add-opens=java.base/java.util=ALL-UNNAMED
19-Dec-2025 16:21:08.294 INFO [main] org.apache.catalina.startup.VersionLoggerListener.log Command line argument: --add-opens=java.base/java.util.concurrent=ALL-UNNAMED
19-Dec-2025 16:21:08.294 INFO [main] org.apache.catalina.startup.VersionLoggerListener.log Command line argument: --add-opens=java.rmi/sun.rmi.transport=ALL-UNNAMED
19-Dec-2025 16:21:08.294 INFO [main] org.apache.catalina.startup.VersionLoggerListener.log Command line argument: --enable-native-access=ALL-UNNAMED
19-Dec-2025 16:21:08.294 INFO [main] org.apache.catalina.startup.VersionLoggerListener.log Command line argument: -Dcatalina.base=/usr/local/tomcat
19-Dec-2025 16:21:08.294 INFO [main] org.apache.catalina.startup.VersionLoggerListener.log Command line argument: -Dcatalina.home=/usr/local/tomcat
19-Dec-2025 16:21:08.295 INFO [main] org.apache.catalina.startup.VersionLoggerListener.log Command line argument: -Djava.io.tmpdir=/usr/local/tomcat/temp
19-Dec-2025 16:21:08.360 INFO [main] org.apache.catalina.core.AprLifecycleListener.lifecycleEvent Loaded Apache Tomcat Native library [2.0.9] using APR version [1.7.2].
19-Dec-2025 16:21:08.415 INFO [main] org.apache.catalina.core.AprLifecycleListener.initializeSSL OpenSSL successfully initialized [OpenSSL 3.0.13 30 Jan 2024]
19-Dec-2025 16:21:09.691 INFO [main] org.apache.coyote.AbstractProtocol.init Initializing ProtocolHandler ["http-nio-8080"]
19-Dec-2025 16:21:09.823 INFO [main] org.apache.catalina.startup.Catalina.load Server initialization in [2645] milliseconds
19-Dec-2025 16:21:09.960 INFO [main] org.apache.catalina.core.StandardService.startInternal Starting service [Catalina]
19-Dec-2025 16:21:09.960 INFO [main] org.apache.catalina.core.StandardEngine.startInternal Starting Servlet engine: [Apache Tomcat/11.0.15]
19-Dec-2025 16:21:10.056 INFO [main] org.apache.catalina.startup.HostConfig.deployWAR Deploying web application archive [/usr/local/tomcat/webapps/Ubicua.war]
19-Dec-2025 16:21:10.122 INFO [main] org.apache.catalina.startup.ExpandWar.expand An expanded directory [/usr/local/tomcat/webapps/Ubicua] was found with a last modified time that did not match the associated WAR. It will be deleted.
19-Dec-2025 16:21:20.125 INFO [main] org.apache.jasper.servlet.TldScanner.scanJars At least one JAR was scanned for TLDs yet contained no TLDs. Enable debug logging for this logger for a complete list of JARs that were scanned but no TLDs were found in them. Skipping unneeded JARs during scanning can improve startup time and JSP compilation time.
19-Dec-2025 16:21:37.836 INFO [main] org.apache.catalina.startup.HostConfig.deployWAR Deployment of web application archive [/usr/local/tomcat/webapps/Ubicua.war] has finished in [27,779] ms
19-Dec-2025 16:21:37.845 INFO [main] org.apache.coyote.AbstractProtocol.start Starting ProtocolHandler ["http-nio-8080"]
19-Dec-2025 16:21:37.865 INFO [main] org.apache.catalina.startup.Catalina.start Server startup in [28041] milliseconds
19-Dec-2025 17:39:55.888 INFO [Catalina-utility-1] org.apache.catalina.startup.HostConfig.deployWAR Deploying web application archive [/usr/local/tomcat/webapps/Ubicua-1.0-SNAPSHOT.war]
19-Dec-2025 17:40:06.055 INFO [Catalina-utility-1] org.apache.jasper.servlet.TldScanner.scanJars At least one JAR was scanned for TLDs yet contained no TLDs. Enable debug logging for this logger for a complete list of JARs that were scanned but no TLDs were found in them. Skipping unneeded JARs during scanning can improve startup time and JSP compilation time.
19-Dec-2025 17:40:22.922 INFO [Catalina-utility-1] org.apache.catalina.startup.HostConfig.deployWAR Deployment of web application archive [/usr/local/tomcat/webapps/Ubicua-1.0-SNAPSHOT.war] has finished in [27,061] ms
19-Dec-2025 17:40:32.935 INFO [Catalina-utility-2] org.apache.catalina.startup.HostConfig.undeploy Undeploying context [/Ubicua]
19-Dec-2025 17:40:33.590 WARNING [Catalina-utility-2] org.apache.catalina.loader.WebappClassLoaderBase.clearReferencesThreads The web application [Ubicua] appears to have started a thread named [MQTT Rec: WheatherStationUAH-subscriber] but has failed to stop it. This is very likely to create a memory leak. Stack trace of thread:
 java.base/sun.nio.ch.Net.poll(Native Method)
 java.base/sun.nio.ch.NioSocketImpl.park(NioSocketImpl.java:190)
 java.base/sun.nio.ch.NioSocketImpl.timedRead(NioSocketImpl.java:279)
 java.base/sun.nio.ch.NioSocketImpl.implRead(NioSocketImpl.java:302)
 java.base/sun.nio.ch.NioSocketImpl.read(NioSocketImpl.java:354)
 java.base/sun.nio.ch.NioSocketImpl$1.read(NioSocketImpl.java:798)
 java.base/java.net.Socket$SocketInputStream.implRead(Socket.java:974)
 java.base/java.net.Socket$SocketInputStream.read(Socket.java:964)
 java.base/java.net.Socket$SocketInputStream.read(Socket.java:958)
 java.base/java.io.DataInputStream.readUnsignedByte(DataInputStream.java:300)
 java.base/java.io.DataInputStream.readByte(DataInputStream.java:280)
 org.eclipse.paho.client.mqttv3.internal.wire.MqttInputStream.readMqttWireMessage(MqttInputStream.java:92)
 org.eclipse.paho.client.mqttv3.internal.CommsReceiver.run(CommsReceiver.java:137)
 java.base/java.lang.Thread.run(Thread.java:1474)
19-Dec-2025 17:40:33.591 WARNING [Catalina-utility-2] org.apache.catalina.loader.WebappClassLoaderBase.clearReferencesThreads The web application [Ubicua] appears to have started a thread named [MQTT Snd: WheatherStationUAH-subscriber] but has failed to stop it. This is very likely to create a memory leak. Stack trace of thread:
 java.base/java.lang.Object.wait0(Native Method)
 java.base/java.lang.Object.wait(Object.java:389)
 java.base/java.lang.Object.wait(Object.java:351)
 org.eclipse.paho.client.mqttv3.internal.ClientState.get(ClientState.java:833)
 org.eclipse.paho.client.mqttv3.internal.CommsSender.run(CommsSender.java:129)
 java.base/java.lang.Thread.run(Thread.java:1474)
19-Dec-2025 17:40:33.591 WARNING [Catalina-utility-2] org.apache.catalina.loader.WebappClassLoaderBase.clearReferencesThreads The web application [Ubicua] appears to have started a thread named [MQTT Call: WheatherStationUAH-subscriber] but has failed to stop it. This is very likely to create a memory leak. Stack trace of thread:
 java.base/java.lang.Object.wait0(Native Method)
 java.base/java.lang.Object.wait(Object.java:389)
 java.base/java.lang.Object.wait(Object.java:351)
 org.eclipse.paho.client.mqttv3.internal.CommsCallback.run(CommsCallback.java:181)
 java.base/java.lang.Thread.run(Thread.java:1474)
19-Dec-2025 17:40:33.592 WARNING [Catalina-utility-2] org.apache.catalina.loader.WebappClassLoaderBase.clearReferencesThreads The web application [Ubicua] appears to have started a thread named [MQTT Ping: WheatherStationUAH-subscriber] but has failed to stop it. This is very likely to create a memory leak. Stack trace of thread:
 java.base/java.lang.Object.wait0(Native Method)
 java.base/java.lang.Object.wait(Object.java:389)
 java.base/java.util.TimerThread.mainLoop(Timer.java:569)
 java.base/java.util.TimerThread.run(Timer.java:522)
19-Dec-2025 17:40:34.093 INFO [Catalina-utility-2] org.apache.catalina.startup.HostConfig.undeploy Undeploying context [/Ubicua-1.0-SNAPSHOT]
19-Dec-2025 17:40:34.106 WARNING [Catalina-utility-2] org.apache.catalina.loader.WebappClassLoaderBase.clearReferencesThreads The web application [Ubicua-1.0-SNAPSHOT] appears to have started a thread named [MQTT Reconnect: WheatherStationUAH-subscriber] but has failed to stop it. This is very likely to create a memory leak. Stack trace of thread:
 java.base/java.lang.Object.wait0(Native Method)
 java.base/java.lang.Object.wait(Object.java:389)
 java.base/java.lang.Object.wait(Object.java:351)
 java.base/java.util.TimerThread.mainLoop(Timer.java:543)
 java.base/java.util.TimerThread.run(Timer.java:522)
19-Dec-2025 17:40:34.107 WARNING [Catalina-utility-2] org.apache.catalina.loader.WebappClassLoaderBase.clearReferencesThreads The web application [Ubicua-1.0-SNAPSHOT] appears to have started a thread named [MQTT Con: WheatherStationUAH-subscriber] but has failed to stop it. This is very likely to create a memory leak. Stack trace of thread:
 org.eclipse.paho.client.mqttv3.logging.LoggerFactory.getLogger(LoggerFactory.java:116)
 org.eclipse.paho.client.mqttv3.logging.LoggerFactory.getLogger(LoggerFactory.java:72)
 org.eclipse.paho.client.mqttv3.internal.CommsSender.<init>(CommsSender.java:35)
 org.eclipse.paho.client.mqttv3.internal.ClientComms$ConnectBG.run(ClientComms.java:727)
 java.base/java.lang.Thread.run(Thread.java:1474)
19-Dec-2025 17:40:34.107 WARNING [Catalina-utility-2] org.apache.catalina.loader.WebappClassLoaderBase.clearReferencesThreads The web application [Ubicua-1.0-SNAPSHOT] appears to have started a thread named [MQTT Rec: WheatherStationUAH-subscriber] but has failed to stop it. This is very likely to create a memory leak. Stack trace of thread:
 java.base/sun.nio.ch.Net.poll(Native Method)
 java.base/sun.nio.ch.NioSocketImpl.park(NioSocketImpl.java:190)
 java.base/sun.nio.ch.NioSocketImpl.timedRead(NioSocketImpl.java:279)
 java.base/sun.nio.ch.NioSocketImpl.implRead(NioSocketImpl.java:302)
 java.base/sun.nio.ch.NioSocketImpl.read(NioSocketImpl.java:354)
 java.base/sun.nio.ch.NioSocketImpl$1.read(NioSocketImpl.java:798)
 java.base/java.net.Socket$SocketInputStream.implRead(Socket.java:974)
 java.base/java.net.Socket$SocketInputStream.read(Socket.java:964)
 java.base/java.net.Socket$SocketInputStream.read(Socket.java:958)
 java.base/java.io.DataInputStream.readUnsignedByte(DataInputStream.java:300)
 java.base/java.io.DataInputStream.readByte(DataInputStream.java:280)
 org.eclipse.paho.client.mqttv3.internal.wire.MqttInputStream.readMqttWireMessage(MqttInputStream.java:92)
 org.eclipse.paho.client.mqttv3.internal.CommsReceiver.run(CommsReceiver.java:137)
 java.base/java.lang.Thread.run(Thread.java:1474)
19-Dec-2025 17:40:34.691 INFO [Catalina-utility-2] org.apache.catalina.startup.HostConfig.deployWAR Deploying web application archive [/usr/local/tomcat/webapps/Ubicua.war]
19-Dec-2025 17:40:41.520 INFO [Catalina-utility-2] org.apache.jasper.servlet.TldScanner.scanJars At least one JAR was scanned for TLDs yet contained no TLDs. Enable debug logging for this logger for a complete list of JARs that were scanned but no TLDs were found in them. Skipping unneeded JARs during scanning can improve startup time and JSP compilation time.
19-Dec-2025 17:40:44.839 INFO [MQTT Call: WheatherStationUAH-subscriber] org.apache.catalina.loader.WebappClassLoaderBase.checkStateForResourceLoading Illegal access: this web application instance has been stopped already. Could not load [com.google.gson.JsonParser]. The following stack trace is thrown for debugging purposes as well as to attempt to terminate the thread which caused the illegal access.
	java.lang.IllegalStateException: Illegal access: this web application instance has been stopped already. Could not load [com.google.gson.JsonParser]. The following stack trace is thrown for debugging purposes as well as to attempt to terminate the thread which caused the illegal access.
		at org.apache.catalina.loader.WebappClassLoaderBase.checkStateForResourceLoading(WebappClassLoaderBase.java:1244)
		at org.apache.catalina.loader.WebappClassLoaderBase.checkStateForClassLoading(WebappClassLoaderBase.java:1233)
		at org.apache.catalina.loader.WebappClassLoaderBase.loadClass(WebappClassLoaderBase.java:1089)
		at org.apache.catalina.loader.WebappClassLoaderBase.loadClass(WebappClassLoaderBase.java:1056)
		at mqtt.MQTTSuscriber.messageArrived(MQTTSuscriber.java:72)
		at org.eclipse.paho.client.mqttv3.internal.CommsCallback.deliverMessage(CommsCallback.java:519)
		at org.eclipse.paho.client.mqttv3.internal.CommsCallback.handleMessage(CommsCallback.java:417)
		at org.eclipse.paho.client.mqttv3.internal.CommsCallback.run(CommsCallback.java:214)
		at java.base/java.lang.Thread.run(Thread.java:1474)
19-Dec-2025 17:40:56.105 INFO [Catalina-utility-2] org.apache.catalina.startup.HostConfig.deployWAR Deployment of web application archive [/usr/local/tomcat/webapps/Ubicua.war] has finished in [21,413] ms
19-Dec-2025 17:46:06.589 INFO [Catalina-utility-1] org.apache.catalina.startup.HostConfig.undeploy Undeploying context [/Ubicua]
19-Dec-2025 17:46:06.657 WARNING [Catalina-utility-1] org.apache.catalina.loader.WebappClassLoaderBase.clearReferencesThreads The web application [Ubicua] appears to have started a thread named [MQTT Reconnect: WheatherStationUAH-subscriber] but has failed to stop it. This is very likely to create a memory leak. Stack trace of thread:
 java.base/java.lang.Object.wait0(Native Method)
 java.base/java.lang.Object.wait(Object.java:389)
 java.base/java.util.TimerThread.mainLoop(Timer.java:569)
 java.base/java.util.TimerThread.run(Timer.java:522)
19-Dec-2025 17:46:07.196 INFO [Catalina-utility-1] org.apache.catalina.startup.HostConfig.deployWAR Deploying web application archive [/usr/local/tomcat/webapps/Ubicua.war]
19-Dec-2025 17:46:14.258 INFO [Catalina-utility-1] org.apache.jasper.servlet.TldScanner.scanJars At least one JAR was scanned for TLDs yet contained no TLDs. Enable debug logging for this logger for a complete list of JARs that were scanned but no TLDs were found in them. Skipping unneeded JARs during scanning can improve startup time and JSP compilation time.
19-Dec-2025 17:46:28.466 INFO [Catalina-utility-1] org.apache.catalina.startup.HostConfig.deployWAR Deployment of web application archive [/usr/local/tomcat/webapps/Ubicua.war] has finished in [21,270] ms
19-Dec-2025 17:52:00.029 INFO [MQTT Call: WheatherStationUAH-subscriber] org.apache.catalina.loader.WebappClassLoaderBase.checkStateForResourceLoading Illegal access: this web application instance has been stopped already. Could not load [com.google.gson.JsonParser]. The following stack trace is thrown for debugging purposes as well as to attempt to terminate the thread which caused the illegal access.
	java.lang.IllegalStateException: Illegal access: this web application instance has been stopped already. Could not load [com.google.gson.JsonParser]. The following stack trace is thrown for debugging purposes as well as to attempt to terminate the thread which caused the illegal access.
		at org.apache.catalina.loader.WebappClassLoaderBase.checkStateForResourceLoading(WebappClassLoaderBase.java:1244)
		at org.apache.catalina.loader.WebappClassLoaderBase.checkStateForClassLoading(WebappClassLoaderBase.java:1233)
		at org.apache.catalina.loader.WebappClassLoaderBase.loadClass(WebappClassLoaderBase.java:1089)
		at org.apache.catalina.loader.WebappClassLoaderBase.loadClass(WebappClassLoaderBase.java:1056)
		at mqtt.MQTTSuscriber.messageArrived(MQTTSuscriber.java:72)
		at org.eclipse.paho.client.mqttv3.internal.CommsCallback.deliverMessage(CommsCallback.java:519)
		at org.eclipse.paho.client.mqttv3.internal.CommsCallback.handleMessage(CommsCallback.java:417)
		at org.eclipse.paho.client.mqttv3.internal.CommsCallback.run(CommsCallback.java:214)
		at java.base/java.lang.Thread.run(Thread.java:1474)
19-Dec-2025 17:52:39.118 INFO [Catalina-utility-2] org.apache.catalina.startup.HostConfig.deployWAR Deploying web application archive [/usr/local/tomcat/webapps/Ubicua-1.0-SNAPSHOT.war]
19-Dec-2025 17:52:45.981 INFO [Catalina-utility-2] org.apache.jasper.servlet.TldScanner.scanJars At least one JAR was scanned for TLDs yet contained no TLDs. Enable debug logging for this logger for a complete list of JARs that were scanned but no TLDs were found in them. Skipping unneeded JARs during scanning can improve startup time and JSP compilation time.
19-Dec-2025 17:53:07.744 INFO [Catalina-utility-2] org.apache.catalina.startup.HostConfig.deployWAR Deployment of web application archive [/usr/local/tomcat/webapps/Ubicua-1.0-SNAPSHOT.war] has finished in [28,625] ms
19-Dec-2025 17:53:17.754 INFO [Catalina-utility-1] org.apache.catalina.startup.HostConfig.undeploy Undeploying context [/Ubicua]
19-Dec-2025 17:53:17.842 WARNING [Catalina-utility-1] org.apache.catalina.loader.WebappClassLoaderBase.clearReferencesThreads The web application [Ubicua] appears to have started a thread named [MQTT Reconnect: WheatherStationUAH-subscriber] but has failed to stop it. This is very likely to create a memory leak. Stack trace of thread:
 java.base/java.lang.Object.wait0(Native Method)
 java.base/java.lang.Object.wait(Object.java:389)
 java.base/java.util.TimerThread.mainLoop(Timer.java:569)
 java.base/java.util.TimerThread.run(Timer.java:522)
19-Dec-2025 17:53:18.502 INFO [Catalina-utility-1] org.apache.catalina.startup.HostConfig.undeploy Undeploying context [/Ubicua-1.0-SNAPSHOT]
19-Dec-2025 17:53:18.515 WARNING [Catalina-utility-1] org.apache.catalina.loader.WebappClassLoaderBase.clearReferencesThreads The web application [Ubicua-1.0-SNAPSHOT] appears to have started a thread named [MQTT Reconnect: WheatherStationUAH-subscriber] but has failed to stop it. This is very likely to create a memory leak. Stack trace of thread:
 java.base/java.lang.Object.wait0(Native Method)
 java.base/java.lang.Object.wait(Object.java:389)
 java.base/java.util.TimerThread.mainLoop(Timer.java:569)
 java.base/java.util.TimerThread.run(Timer.java:522)
19-Dec-2025 17:53:19.745 INFO [Catalina-utility-1] org.apache.catalina.startup.HostConfig.deployWAR Deploying web application archive [/usr/local/tomcat/webapps/Ubicua.war]
19-Dec-2025 17:53:26.174 INFO [Thread-12] org.apache.coyote.AbstractProtocol.pause Pausing ProtocolHandler ["http-nio-8080"]
19-Dec-2025 17:53:26.222 INFO [Thread-12] org.apache.catalina.core.StandardService.stopInternal Stopping service [Catalina]
19-Dec-2025 17:53:31.226 INFO [main] org.apache.catalina.startup.VersionLoggerListener.log Server version name:   Apache Tomcat/11.0.15
19-Dec-2025 17:53:31.232 INFO [main] org.apache.catalina.startup.VersionLoggerListener.log Server built:          Dec 2 2025 16:32:48 UTC
19-Dec-2025 17:53:31.233 INFO [main] org.apache.catalina.startup.VersionLoggerListener.log Server version number: 11.0.15.0
19-Dec-2025 17:53:31.233 INFO [main] org.apache.catalina.startup.VersionLoggerListener.log OS Name:               Linux
19-Dec-2025 17:53:31.233 INFO [main] org.apache.catalina.startup.VersionLoggerListener.log OS Version:            6.6.87.2-microsoft-standard-WSL2
19-Dec-2025 17:53:31.234 INFO [main] org.apache.catalina.startup.VersionLoggerListener.log Architecture:          amd64
19-Dec-2025 17:53:31.234 INFO [main] org.apache.catalina.startup.VersionLoggerListener.log Java Home:             /opt/java/openjdk
19-Dec-2025 17:53:31.234 INFO [main] org.apache.catalina.startup.VersionLoggerListener.log JVM Version:           25.0.1+8-LTS
19-Dec-2025 17:53:31.234 INFO [main] org.apache.catalina.startup.VersionLoggerListener.log JVM Vendor:            Eclipse Adoptium
19-Dec-2025 17:53:31.235 INFO [main] org.apache.catalina.startup.VersionLoggerListener.log CATALINA_BASE:         /usr/local/tomcat
19-Dec-2025 17:53:31.235 INFO [main] org.apache.catalina.startup.VersionLoggerListener.log CATALINA_HOME:         /usr/local/tomcat
19-Dec-2025 17:53:31.271 INFO [main] org.apache.catalina.startup.VersionLoggerListener.log Command line argument: -Djava.util.logging.config.file=/usr/local/tomcat/conf/logging.properties
19-Dec-2025 17:53:31.272 INFO [main] org.apache.catalina.startup.VersionLoggerListener.log Command line argument: -Djava.util.logging.manager=org.apache.juli.ClassLoaderLogManager
19-Dec-2025 17:53:31.272 INFO [main] org.apache.catalina.startup.VersionLoggerListener.log Command line argument: -Djdk.tls.ephemeralDHKeySize=2048
19-Dec-2025 17:53:31.272 INFO [main] org.apache.catalina.startup.VersionLoggerListener.log Command line argument: -Dorg.apache.catalina.security.SecurityListener.UMASK=0027
19-Dec-2025 17:53:31.273 INFO [main] org.apache.catalina.startup.VersionLoggerListener.log Command line argument: --add-opens=java.base/java.lang=ALL-UNNAMED
19-Dec-2025 17:53:31.273 INFO [main] org.apache.catalina.startup.VersionLoggerListener.log Command line argument: --add-opens=java.base/java.lang.reflect=ALL-UNNAMED
19-Dec-2025 17:53:31.273 INFO [main] org.apache.catalina.startup.VersionLoggerListener.log Command line argument: --add-opens=java.base/java.io=ALL-UNNAMED
19-Dec-2025 17:53:31.273 INFO [main] org.apache.catalina.startup.VersionLoggerListener.log Command line argument: --add-opens=java.base/java.util=ALL-UNNAMED
19-Dec-2025 17:53:31.274 INFO [main] org.apache.catalina.startup.VersionLoggerListener.log Command line argument: --add-opens=java.base/java.util.concurrent=ALL-UNNAMED
19-Dec-2025 17:53:31.274 INFO [main] org.apache.catalina.startup.VersionLoggerListener.log Command line argument: --add-opens=java.rmi/sun.rmi.transport=ALL-UNNAMED
19-Dec-2025 17:53:31.274 INFO [main] org.apache.catalina.startup.VersionLoggerListener.log Command line argument: --enable-native-access=ALL-UNNAMED
19-Dec-2025 17:53:31.274 INFO [main] org.apache.catalina.startup.VersionLoggerListener.log Command line argument: -Dcatalina.base=/usr/local/tomcat
19-Dec-2025 17:53:31.275 INFO [main] org.apache.catalina.startup.VersionLoggerListener.log Command line argument: -Dcatalina.home=/usr/local/tomcat
19-Dec-2025 17:53:31.275 INFO [main] org.apache.catalina.startup.VersionLoggerListener.log Command line argument: -Djava.io.tmpdir=/usr/local/tomcat/temp
19-Dec-2025 17:53:31.305 INFO [main] org.apache.catalina.core.AprLifecycleListener.lifecycleEvent Loaded Apache Tomcat Native library [2.0.9] using APR version [1.7.2].
19-Dec-2025 17:53:31.333 INFO [main] org.apache.catalina.core.AprLifecycleListener.initializeSSL OpenSSL successfully initialized [OpenSSL 3.0.13 30 Jan 2024]
19-Dec-2025 17:53:32.338 INFO [main] org.apache.coyote.AbstractProtocol.init Initializing ProtocolHandler ["http-nio-8080"]
19-Dec-2025 17:53:32.435 INFO [main] org.apache.catalina.startup.Catalina.load Server initialization in [1734] milliseconds
19-Dec-2025 17:53:32.570 INFO [main] org.apache.catalina.core.StandardService.startInternal Starting service [Catalina]
19-Dec-2025 17:53:32.571 INFO [main] org.apache.catalina.core.StandardEngine.startInternal Starting Servlet engine: [Apache Tomcat/11.0.15]
19-Dec-2025 17:53:32.650 INFO [main] org.apache.catalina.startup.HostConfig.deployWAR Deploying web application archive [/usr/local/tomcat/webapps/Ubicua.war]
19-Dec-2025 17:53:32.709 INFO [main] org.apache.catalina.startup.ExpandWar.expand An expanded directory [/usr/local/tomcat/webapps/Ubicua] was found with a last modified time that did not match the associated WAR. It will be deleted.
19-Dec-2025 17:53:42.110 INFO [main] org.apache.jasper.servlet.TldScanner.scanJars At least one JAR was scanned for TLDs yet contained no TLDs. Enable debug logging for this logger for a complete list of JARs that were scanned but no TLDs were found in them. Skipping unneeded JARs during scanning can improve startup time and JSP compilation time.
19-Dec-2025 17:53:57.942 INFO [main] org.apache.catalina.startup.HostConfig.deployWAR Deployment of web application archive [/usr/local/tomcat/webapps/Ubicua.war] has finished in [25,292] ms
19-Dec-2025 17:53:57.950 INFO [main] org.apache.coyote.AbstractProtocol.start Starting ProtocolHandler ["http-nio-8080"]
19-Dec-2025 17:53:57.967 INFO [main] org.apache.catalina.startup.Catalina.start Server startup in [25524] milliseconds
19-Dec-2025 18:04:06.416 INFO [Thread-12] org.apache.coyote.AbstractProtocol.pause Pausing ProtocolHandler ["http-nio-8080"]
19-Dec-2025 18:04:06.424 INFO [Thread-12] org.apache.catalina.core.StandardService.stopInternal Stopping service [Catalina]
19-Dec-2025 18:04:06.564 WARNING [Thread-12] org.apache.catalina.loader.WebappClassLoaderBase.clearReferencesThreads The web application [Ubicua] appears to have started a thread named [MQTT Rec: WheatherStationUAH-subscriber] but has failed to stop it. This is very likely to create a memory leak. Stack trace of thread:
 java.base/sun.nio.ch.Net.poll(Native Method)
 java.base/sun.nio.ch.NioSocketImpl.park(NioSocketImpl.java:190)
 java.base/sun.nio.ch.NioSocketImpl.timedRead(NioSocketImpl.java:279)
 java.base/sun.nio.ch.NioSocketImpl.implRead(NioSocketImpl.java:302)
 java.base/sun.nio.ch.NioSocketImpl.read(NioSocketImpl.java:354)
 java.base/sun.nio.ch.NioSocketImpl$1.read(NioSocketImpl.java:798)
 java.base/java.net.Socket$SocketInputStream.implRead(Socket.java:974)
 java.base/java.net.Socket$SocketInputStream.read(Socket.java:964)
 java.base/java.net.Socket$SocketInputStream.read(Socket.java:958)
 java.base/java.io.DataInputStream.readUnsignedByte(DataInputStream.java:300)
 java.base/java.io.DataInputStream.readByte(DataInputStream.java:280)
 org.eclipse.paho.client.mqttv3.internal.wire.MqttInputStream.readMqttWireMessage(MqttInputStream.java:92)
 org.eclipse.paho.client.mqttv3.internal.CommsReceiver.run(CommsReceiver.java:137)
 java.base/java.lang.Thread.run(Thread.java:1474)
19-Dec-2025 18:04:06.567 WARNING [Thread-12] org.apache.catalina.loader.WebappClassLoaderBase.clearReferencesThreads The web application [Ubicua] appears to have started a thread named [MQTT Snd: WheatherStationUAH-subscriber] but has failed to stop it. This is very likely to create a memory leak. Stack trace of thread:
 java.base/java.lang.Object.wait0(Native Method)
 java.base/java.lang.Object.wait(Object.java:389)
 java.base/java.lang.Object.wait(Object.java:351)
 org.eclipse.paho.client.mqttv3.internal.ClientState.get(ClientState.java:833)
 org.eclipse.paho.client.mqttv3.internal.CommsSender.run(CommsSender.java:129)
 java.base/java.lang.Thread.run(Thread.java:1474)
19-Dec-2025 18:04:06.568 WARNING [Thread-12] org.apache.catalina.loader.WebappClassLoaderBase.clearReferencesThreads The web application [Ubicua] appears to have started a thread named [MQTT Call: WheatherStationUAH-subscriber] but has failed to stop it. This is very likely to create a memory leak. Stack trace of thread:
 java.base/java.lang.Object.wait0(Native Method)
 java.base/java.lang.Object.wait(Object.java:389)
 java.base/java.lang.Object.wait(Object.java:351)
 org.eclipse.paho.client.mqttv3.internal.CommsCallback.run(CommsCallback.java:181)
 java.base/java.lang.Thread.run(Thread.java:1474)
19-Dec-2025 18:04:06.568 WARNING [Thread-12] org.apache.catalina.loader.WebappClassLoaderBase.clearReferencesThreads The web application [Ubicua] appears to have started a thread named [MQTT Ping: WheatherStationUAH-subscriber] but has failed to stop it. This is very likely to create a memory leak. Stack trace of thread:
 java.base/java.lang.Object.wait0(Native Method)
 java.base/java.lang.Object.wait(Object.java:389)
 java.base/java.util.TimerThread.mainLoop(Timer.java:569)
 java.base/java.util.TimerThread.run(Timer.java:522)
19-Dec-2025 18:04:06.589 INFO [Thread-12] org.apache.coyote.AbstractProtocol.stop Stopping ProtocolHandler ["http-nio-8080"]
19-Dec-2025 18:04:06.596 INFO [Thread-12] org.apache.coyote.AbstractProtocol.destroy Destroying ProtocolHandler ["http-nio-8080"]
19-Dec-2025 18:04:08.765 INFO [main] org.apache.catalina.startup.VersionLoggerListener.log Server version name:   Apache Tomcat/11.0.15
19-Dec-2025 18:04:08.770 INFO [main] org.apache.catalina.startup.VersionLoggerListener.log Server built:          Dec 2 2025 16:32:48 UTC
19-Dec-2025 18:04:08.770 INFO [main] org.apache.catalina.startup.VersionLoggerListener.log Server version number: 11.0.15.0
19-Dec-2025 18:04:08.770 INFO [main] org.apache.catalina.startup.VersionLoggerListener.log OS Name:               Linux
19-Dec-2025 18:04:08.771 INFO [main] org.apache.catalina.startup.VersionLoggerListener.log OS Version:            6.6.87.2-microsoft-standard-WSL2
19-Dec-2025 18:04:08.771 INFO [main] org.apache.catalina.startup.VersionLoggerListener.log Architecture:          amd64
19-Dec-2025 18:04:08.771 INFO [main] org.apache.catalina.startup.VersionLoggerListener.log Java Home:             /opt/java/openjdk
19-Dec-2025 18:04:08.771 INFO [main] org.apache.catalina.startup.VersionLoggerListener.log JVM Version:           25.0.1+8-LTS
19-Dec-2025 18:04:08.772 INFO [main] org.apache.catalina.startup.VersionLoggerListener.log JVM Vendor:            Eclipse Adoptium
19-Dec-2025 18:04:08.772 INFO [main] org.apache.catalina.startup.VersionLoggerListener.log CATALINA_BASE:         /usr/local/tomcat
19-Dec-2025 18:04:08.772 INFO [main] org.apache.catalina.startup.VersionLoggerListener.log CATALINA_HOME:         /usr/local/tomcat
19-Dec-2025 18:04:08.799 INFO [main] org.apache.catalina.startup.VersionLoggerListener.log Command line argument: -Djava.util.logging.config.file=/usr/local/tomcat/conf/logging.properties
19-Dec-2025 18:04:08.800 INFO [main] org.apache.catalina.startup.VersionLoggerListener.log Command line argument: -Djava.util.logging.manager=org.apache.juli.ClassLoaderLogManager
19-Dec-2025 18:04:08.800 INFO [main] org.apache.catalina.startup.VersionLoggerListener.log Command line argument: -Djdk.tls.ephemeralDHKeySize=2048
19-Dec-2025 18:04:08.800 INFO [main] org.apache.catalina.startup.VersionLoggerListener.log Command line argument: -Dorg.apache.catalina.security.SecurityListener.UMASK=0027
19-Dec-2025 18:04:08.800 INFO [main] org.apache.catalina.startup.VersionLoggerListener.log Command line argument: --add-opens=java.base/java.lang=ALL-UNNAMED
19-Dec-2025 18:04:08.800 INFO [main] org.apache.catalina.startup.VersionLoggerListener.log Command line argument: --add-opens=java.base/java.lang.reflect=ALL-UNNAMED
19-Dec-2025 18:04:08.801 INFO [main] org.apache.catalina.startup.VersionLoggerListener.log Command line argument: --add-opens=java.base/java.io=ALL-UNNAMED
19-Dec-2025 18:04:08.801 INFO [main] org.apache.catalina.startup.VersionLoggerListener.log Command line argument: --add-opens=java.base/java.util=ALL-UNNAMED
19-Dec-2025 18:04:08.801 INFO [main] org.apache.catalina.startup.VersionLoggerListener.log Command line argument: --add-opens=java.base/java.util.concurrent=ALL-UNNAMED
19-Dec-2025 18:04:08.801 INFO [main] org.apache.catalina.startup.VersionLoggerListener.log Command line argument: --add-opens=java.rmi/sun.rmi.transport=ALL-UNNAMED
19-Dec-2025 18:04:08.801 INFO [main] org.apache.catalina.startup.VersionLoggerListener.log Command line argument: --enable-native-access=ALL-UNNAMED
19-Dec-2025 18:04:08.802 INFO [main] org.apache.catalina.startup.VersionLoggerListener.log Command line argument: -Dcatalina.base=/usr/local/tomcat
19-Dec-2025 18:04:08.802 INFO [main] org.apache.catalina.startup.VersionLoggerListener.log Command line argument: -Dcatalina.home=/usr/local/tomcat
19-Dec-2025 18:04:08.802 INFO [main] org.apache.catalina.startup.VersionLoggerListener.log Command line argument: -Djava.io.tmpdir=/usr/local/tomcat/temp
19-Dec-2025 18:04:08.813 INFO [main] org.apache.catalina.core.AprLifecycleListener.lifecycleEvent Loaded Apache Tomcat Native library [2.0.9] using APR version [1.7.2].
19-Dec-2025 18:04:08.823 INFO [main] org.apache.catalina.core.AprLifecycleListener.initializeSSL OpenSSL successfully initialized [OpenSSL 3.0.13 30 Jan 2024]
19-Dec-2025 18:04:09.293 INFO [main] org.apache.coyote.AbstractProtocol.init Initializing ProtocolHandler ["http-nio-8080"]
19-Dec-2025 18:04:09.362 INFO [main] org.apache.catalina.startup.Catalina.load Server initialization in [977] milliseconds
19-Dec-2025 18:04:09.429 INFO [main] org.apache.catalina.core.StandardService.startInternal Starting service [Catalina]
19-Dec-2025 18:04:09.430 INFO [main] org.apache.catalina.core.StandardEngine.startInternal Starting Servlet engine: [Apache Tomcat/11.0.15]
19-Dec-2025 18:04:09.483 INFO [main] org.apache.catalina.startup.HostConfig.deployWAR Deploying web application archive [/usr/local/tomcat/webapps/Ubicua.war]
19-Dec-2025 18:04:09.534 INFO [main] org.apache.catalina.startup.ExpandWar.expand An expanded directory [/usr/local/tomcat/webapps/Ubicua] was found with a last modified time that did not match the associated WAR. It will be deleted.
19-Dec-2025 18:04:17.250 INFO [main] org.apache.jasper.servlet.TldScanner.scanJars At least one JAR was scanned for TLDs yet contained no TLDs. Enable debug logging for this logger for a complete list of JARs that were scanned but no TLDs were found in them. Skipping unneeded JARs during scanning can improve startup time and JSP compilation time.
19-Dec-2025 18:04:35.264 INFO [main] org.apache.catalina.startup.HostConfig.deployWAR Deployment of web application archive [/usr/local/tomcat/webapps/Ubicua.war] has finished in [25,778] ms
19-Dec-2025 18:04:35.273 INFO [main] org.apache.coyote.AbstractProtocol.start Starting ProtocolHandler ["http-nio-8080"]
19-Dec-2025 18:04:35.294 INFO [main] org.apache.catalina.startup.Catalina.start Server startup in [25931] milliseconds
19-Dec-2025 18:09:12.385 INFO [Thread-12] org.apache.coyote.AbstractProtocol.pause Pausing ProtocolHandler ["http-nio-8080"]
19-Dec-2025 18:09:12.390 INFO [Thread-12] org.apache.catalina.core.StandardService.stopInternal Stopping service [Catalina]
19-Dec-2025 18:09:12.505 WARNING [Thread-12] org.apache.catalina.loader.WebappClassLoaderBase.clearReferencesThreads The web application [Ubicua] appears to have started a thread named [MQTT Rec: WheatherStationUAH-subscriber] but has failed to stop it. This is very likely to create a memory leak. Stack trace of thread:
 java.base/sun.nio.ch.Net.poll(Native Method)
 java.base/sun.nio.ch.NioSocketImpl.park(NioSocketImpl.java:190)
 java.base/sun.nio.ch.NioSocketImpl.timedRead(NioSocketImpl.java:279)
 java.base/sun.nio.ch.NioSocketImpl.implRead(NioSocketImpl.java:302)
 java.base/sun.nio.ch.NioSocketImpl.read(NioSocketImpl.java:354)
 java.base/sun.nio.ch.NioSocketImpl$1.read(NioSocketImpl.java:798)
 java.base/java.net.Socket$SocketInputStream.implRead(Socket.java:974)
 java.base/java.net.Socket$SocketInputStream.read(Socket.java:964)
 java.base/java.net.Socket$SocketInputStream.read(Socket.java:958)
 java.base/java.io.DataInputStream.readUnsignedByte(DataInputStream.java:300)
 java.base/java.io.DataInputStream.readByte(DataInputStream.java:280)
 org.eclipse.paho.client.mqttv3.internal.wire.MqttInputStream.readMqttWireMessage(MqttInputStream.java:92)
 org.eclipse.paho.client.mqttv3.internal.CommsReceiver.run(CommsReceiver.java:137)
 java.base/java.lang.Thread.run(Thread.java:1474)
19-Dec-2025 18:09:12.506 WARNING [Thread-12] org.apache.catalina.loader.WebappClassLoaderBase.clearReferencesThreads The web application [Ubicua] appears to have started a thread named [MQTT Snd: WheatherStationUAH-subscriber] but has failed to stop it. This is very likely to create a memory leak. Stack trace of thread:
 java.base/java.lang.Object.wait0(Native Method)
 java.base/java.lang.Object.wait(Object.java:389)
 java.base/java.lang.Object.wait(Object.java:351)
 org.eclipse.paho.client.mqttv3.internal.ClientState.get(ClientState.java:833)
 org.eclipse.paho.client.mqttv3.internal.CommsSender.run(CommsSender.java:129)
 java.base/java.lang.Thread.run(Thread.java:1474)
19-Dec-2025 18:09:12.507 WARNING [Thread-12] org.apache.catalina.loader.WebappClassLoaderBase.clearReferencesThreads The web application [Ubicua] appears to have started a thread named [MQTT Call: WheatherStationUAH-subscriber] but has failed to stop it. This is very likely to create a memory leak. Stack trace of thread:
 java.base/java.lang.Object.wait0(Native Method)
 java.base/java.lang.Object.wait(Object.java:389)
 java.base/java.lang.Object.wait(Object.java:351)
 org.eclipse.paho.client.mqttv3.internal.CommsCallback.run(CommsCallback.java:181)
 java.base/java.lang.Thread.run(Thread.java:1474)
19-Dec-2025 18:09:12.507 WARNING [Thread-12] org.apache.catalina.loader.WebappClassLoaderBase.clearReferencesThreads The web application [Ubicua] appears to have started a thread named [MQTT Ping: WheatherStationUAH-subscriber] but has failed to stop it. This is very likely to create a memory leak. Stack trace of thread:
 java.base/java.lang.Object.wait0(Native Method)
 java.base/java.lang.Object.wait(Object.java:389)
 java.base/java.util.TimerThread.mainLoop(Timer.java:569)
 java.base/java.util.TimerThread.run(Timer.java:522)
19-Dec-2025 18:09:12.526 INFO [Thread-12] org.apache.coyote.AbstractProtocol.stop Stopping ProtocolHandler ["http-nio-8080"]
19-Dec-2025 18:09:12.540 INFO [Thread-12] org.apache.coyote.AbstractProtocol.destroy Destroying ProtocolHandler ["http-nio-8080"]
